  [1m[36m (27.1ms)[0m  [1mCREATE TABLE "schema_migrations" ("version" varchar(255) NOT NULL) [0m
  [1m[35m (0.1ms)[0m  select sqlite_version(*)
  [1m[36m (14.6ms)[0m  [1mCREATE UNIQUE INDEX "unique_schema_migrations" ON "schema_migrations" ("version")[0m
  [1m[35mActiveRecord::SchemaMigration Load (0.2ms)[0m  SELECT "schema_migrations".* FROM "schema_migrations"
Migrating to CreatePosts (20140824015723)
  [1m[36m (0.1ms)[0m  [1mbegin transaction[0m
  [1m[35m (0.5ms)[0m  CREATE TABLE "posts" ("id" INTEGER PRIMARY KEY AUTOINCREMENT NOT NULL, "title" varchar(255), "body" text, "created_at" datetime, "updated_at" datetime) 
  [1m[36mSQL (0.2ms)[0m  [1mINSERT INTO "schema_migrations" ("version") VALUES (?)[0m  [["version", "20140824015723"]]
  [1m[35m (22.3ms)[0m  commit transaction
Migrating to CreateComments (20140824015808)
  [1m[36m (0.1ms)[0m  [1mbegin transaction[0m
  [1m[35m (0.4ms)[0m  CREATE TABLE "comments" ("id" INTEGER PRIMARY KEY AUTOINCREMENT NOT NULL, "post_id" integer, "body" text, "created_at" datetime, "updated_at" datetime) 
  [1m[36mSQL (0.3ms)[0m  [1mINSERT INTO "schema_migrations" ("version") VALUES (?)[0m  [["version", "20140824015808"]]
  [1m[35m (12.9ms)[0m  commit transaction
  [1m[36mActiveRecord::SchemaMigration Load (0.1ms)[0m  [1mSELECT "schema_migrations".* FROM "schema_migrations"[0m


Started GET "/" for 188.171.57.187 at 2014-08-24 02:01:45 +0000
  [1m[36mActiveRecord::SchemaMigration Load (0.2ms)[0m  [1mSELECT "schema_migrations".* FROM "schema_migrations"[0m
Processing by Rails::WelcomeController#index as HTML
  Rendered /home/action/.gem/ruby/2.1.1/gems/railties-4.1.0/lib/rails/templates/rails/welcome/index.html.erb (2.3ms)
Completed 200 OK in 31ms (Views: 10.2ms | ActiveRecord: 0.0ms)


Started GET "/rails/info/properties" for 188.171.57.187 at 2014-08-24 02:03:19 +0000
Processing by Rails::InfoController#properties as HTML
  [1m[35mActiveRecord::SchemaMigration Load (0.1ms)[0m  SELECT "schema_migrations".* FROM "schema_migrations"
  Rendered /home/action/.gem/ruby/2.1.1/gems/railties-4.1.0/lib/rails/templates/rails/info/properties.html.erb within layouts/application (0.5ms)
Completed 200 OK in 11ms (Views: 4.8ms | ActiveRecord: 0.6ms)


Started GET "/" for 188.171.57.187 at 2014-08-24 02:11:25 +0000
Processing by Rails::WelcomeController#index as HTML
  Rendered /home/action/.gem/ruby/2.1.1/gems/railties-4.1.0/lib/rails/templates/rails/welcome/index.html.erb (0.1ms)
Completed 200 OK in 2ms (Views: 1.5ms | ActiveRecord: 0.0ms)


Started GET "/post" for 188.171.57.187 at 2014-08-24 02:11:48 +0000

ActionController::RoutingError (No route matches [GET] "/post"):
  actionpack (4.1.0) lib/action_dispatch/middleware/debug_exceptions.rb:21:in `call'
  actionpack (4.1.0) lib/action_dispatch/middleware/show_exceptions.rb:30:in `call'
  railties (4.1.0) lib/rails/rack/logger.rb:38:in `call_app'
  railties (4.1.0) lib/rails/rack/logger.rb:20:in `block in call'
  activesupport (4.1.0) lib/active_support/tagged_logging.rb:68:in `block in tagged'
  activesupport (4.1.0) lib/active_support/tagged_logging.rb:26:in `tagged'
  activesupport (4.1.0) lib/active_support/tagged_logging.rb:68:in `tagged'
  railties (4.1.0) lib/rails/rack/logger.rb:20:in `call'
  actionpack (4.1.0) lib/action_dispatch/middleware/request_id.rb:21:in `call'
  rack (1.5.2) lib/rack/methodoverride.rb:21:in `call'
  rack (1.5.2) lib/rack/runtime.rb:17:in `call'
  activesupport (4.1.0) lib/active_support/cache/strategy/local_cache_middleware.rb:26:in `call'
  rack (1.5.2) lib/rack/lock.rb:17:in `call'
  actionpack (4.1.0) lib/action_dispatch/middleware/static.rb:64:in `call'
  rack (1.5.2) lib/rack/sendfile.rb:112:in `call'
  railties (4.1.0) lib/rails/engine.rb:514:in `call'
  railties (4.1.0) lib/rails/application.rb:144:in `call'
  rack (1.5.2) lib/rack/lock.rb:17:in `call'
  rack (1.5.2) lib/rack/content_length.rb:14:in `call'
  rack (1.5.2) lib/rack/handler/webrick.rb:60:in `service'
  /home/action/.parts/packages/ruby2.1/2.1.1/lib/ruby/2.1.0/webrick/httpserver.rb:138:in `service'
  /home/action/.parts/packages/ruby2.1/2.1.1/lib/ruby/2.1.0/webrick/httpserver.rb:94:in `run'
  /home/action/.parts/packages/ruby2.1/2.1.1/lib/ruby/2.1.0/webrick/server.rb:295:in `block in start_thread'


  Rendered /home/action/.gem/ruby/2.1.1/gems/actionpack-4.1.0/lib/action_dispatch/middleware/templates/rescues/_trace.html.erb (1.4ms)
  Rendered /home/action/.gem/ruby/2.1.1/gems/actionpack-4.1.0/lib/action_dispatch/middleware/templates/routes/_route.html.erb (2.3ms)
  Rendered /home/action/.gem/ruby/2.1.1/gems/actionpack-4.1.0/lib/action_dispatch/middleware/templates/routes/_table.html.erb (8.7ms)
  Rendered /home/action/.gem/ruby/2.1.1/gems/actionpack-4.1.0/lib/action_dispatch/middleware/templates/rescues/routing_error.html.erb within rescues/layout (45.4ms)


Started GET "/posts" for 188.171.57.187 at 2014-08-24 02:12:06 +0000
Processing by PostsController#index as HTML
  [1m[36mPost Load (0.3ms)[0m  [1mSELECT "posts".* FROM "posts"[0m
  Rendered posts/index.html.erb within layouts/application (1.8ms)
Completed 200 OK in 1528ms (Views: 1525.1ms | ActiveRecord: 0.3ms)


Started GET "/assets/comments.css?body=1" for 188.171.57.187 at 2014-08-24 02:12:08 +0000


Started GET "/assets/posts.css?body=1" for 188.171.57.187 at 2014-08-24 02:12:08 +0000


Started GET "/assets/comments.js?body=1" for 188.171.57.187 at 2014-08-24 02:12:08 +0000


Started GET "/assets/application.css?body=1" for 188.171.57.187 at 2014-08-24 02:12:08 +0000


Started GET "/assets/scaffolds.css?body=1" for 188.171.57.187 at 2014-08-24 02:12:08 +0000


Started GET "/assets/turbolinks.js?body=1" for 188.171.57.187 at 2014-08-24 02:12:08 +0000


Started GET "/assets/jquery.js?body=1" for 188.171.57.187 at 2014-08-24 02:12:08 +0000


Started GET "/assets/jquery_ujs.js?body=1" for 188.171.57.187 at 2014-08-24 02:12:08 +0000


Started GET "/assets/posts.js?body=1" for 188.171.57.187 at 2014-08-24 02:12:08 +0000


Started GET "/assets/application.js?body=1" for 188.171.57.187 at 2014-08-24 02:12:08 +0000


Started GET "/posts/new" for 188.171.57.187 at 2014-08-24 02:12:12 +0000
Processing by PostsController#new as HTML
  Rendered posts/_form.html.erb (39.0ms)
  Rendered posts/new.html.erb within layouts/application (42.5ms)
Completed 200 OK in 71ms (Views: 68.1ms | ActiveRecord: 0.5ms)


Started POST "/posts" for 188.171.57.187 at 2014-08-24 02:13:32 +0000
Processing by PostsController#create as HTML
  Parameters: {"utf8"=>"✓", "authenticity_token"=>"ofoDjyFbmXJrRSsZMVBBKbwHZEDWM2XBcBmTzxhtwTw=", "post"=>{"title"=>"And the sun is shining", "body"=>"beyond all issues... the light will shine again"}, "commit"=>"Create Post"}
  [1m[35m (0.2ms)[0m  begin transaction
  [1m[36mSQL (0.6ms)[0m  [1mINSERT INTO "posts" ("body", "created_at", "title", "updated_at") VALUES (?, ?, ?, ?)[0m  [["body", "beyond all issues... the light will shine again"], ["created_at", "2014-08-24 02:13:32.384476"], ["title", "And the sun is shining"], ["updated_at", "2014-08-24 02:13:32.384476"]]
  [1m[35m (26.9ms)[0m  commit transaction
Redirected to http://hasty-fireball-46-139508.euw1-2.nitrousbox.com/posts/1
Completed 302 Found in 36ms (ActiveRecord: 27.6ms)


Started GET "/posts/1" for 188.171.57.187 at 2014-08-24 02:13:32 +0000
Processing by PostsController#show as HTML
  Parameters: {"id"=>"1"}
  [1m[36mPost Load (0.3ms)[0m  [1mSELECT  "posts".* FROM "posts"  WHERE "posts"."id" = ? LIMIT 1[0m  [["id", 1]]
  Rendered posts/show.html.erb within layouts/application (1.2ms)
Completed 200 OK in 32ms (Views: 29.0ms | ActiveRecord: 0.3ms)


Started GET "/posts" for 188.171.57.187 at 2014-08-24 02:13:53 +0000
Processing by PostsController#index as HTML
  [1m[35mPost Load (0.3ms)[0m  SELECT "posts".* FROM "posts"
  Rendered posts/index.html.erb within layouts/application (2.7ms)
Completed 200 OK in 11ms (Views: 10.2ms | ActiveRecord: 0.3ms)


Started GET "/posts/new" for 188.171.57.187 at 2014-08-24 02:14:04 +0000
Processing by PostsController#new as HTML
  Rendered posts/_form.html.erb (2.7ms)
  Rendered posts/new.html.erb within layouts/application (4.0ms)
Completed 200 OK in 12ms (Views: 11.5ms | ActiveRecord: 0.0ms)


Started POST "/posts" for 188.171.57.187 at 2014-08-24 02:17:30 +0000
Processing by PostsController#create as HTML
  Parameters: {"utf8"=>"✓", "authenticity_token"=>"ofoDjyFbmXJrRSsZMVBBKbwHZEDWM2XBcBmTzxhtwTw=", "post"=>{"title"=>"amazing", "body"=>"Kissing is all the more justified as it is absolutely imposible to avoid beauty"}, "commit"=>"Create Post"}
  [1m[36m (0.1ms)[0m  [1mbegin transaction[0m
  [1m[35mSQL (0.4ms)[0m  INSERT INTO "posts" ("body", "created_at", "title", "updated_at") VALUES (?, ?, ?, ?)  [["body", "Kissing is all the more justified as it is absolutely imposible to avoid beauty"], ["created_at", "2014-08-24 02:17:30.041075"], ["title", "amazing"], ["updated_at", "2014-08-24 02:17:30.041075"]]
  [1m[36m (30.0ms)[0m  [1mcommit transaction[0m
Redirected to http://hasty-fireball-46-139508.euw1-2.nitrousbox.com/posts/2
Completed 302 Found in 35ms (ActiveRecord: 30.5ms)


Started GET "/posts/2" for 188.171.57.187 at 2014-08-24 02:17:30 +0000
Processing by PostsController#show as HTML
  Parameters: {"id"=>"2"}
  [1m[35mPost Load (0.2ms)[0m  SELECT  "posts".* FROM "posts"  WHERE "posts"."id" = ? LIMIT 1  [["id", 2]]
  Rendered posts/show.html.erb within layouts/application (0.5ms)
Completed 200 OK in 10ms (Views: 8.5ms | ActiveRecord: 0.2ms)


Started GET "/assets/comments.css?body=1" for 188.171.57.187 at 2014-08-24 02:17:30 +0000


Started GET "/assets/turbolinks.js?body=1" for 188.171.57.187 at 2014-08-24 02:17:30 +0000


Started GET "/assets/posts.css?body=1" for 188.171.57.187 at 2014-08-24 02:17:30 +0000


Started GET "/assets/jquery.js?body=1" for 188.171.57.187 at 2014-08-24 02:17:30 +0000


Started GET "/assets/application.css?body=1" for 188.171.57.187 at 2014-08-24 02:17:30 +0000


Started GET "/assets/scaffolds.css?body=1" for 188.171.57.187 at 2014-08-24 02:17:30 +0000


Started GET "/assets/jquery_ujs.js?body=1" for 188.171.57.187 at 2014-08-24 02:17:30 +0000


Started GET "/assets/comments.js?body=1" for 188.171.57.187 at 2014-08-24 02:17:30 +0000


Started GET "/assets/posts.js?body=1" for 188.171.57.187 at 2014-08-24 02:17:30 +0000


Started GET "/assets/application.js?body=1" for 188.171.57.187 at 2014-08-24 02:17:30 +0000


Started GET "/comments" for 188.171.57.187 at 2014-08-24 02:20:53 +0000
Processing by CommentsController#index as HTML
  [1m[36mComment Load (0.3ms)[0m  [1mSELECT "comments".* FROM "comments"[0m
  Rendered comments/index.html.erb within layouts/application (2.1ms)
Completed 200 OK in 44ms (Views: 40.1ms | ActiveRecord: 0.3ms)


Started GET "/assets/comments.css?body=1" for 188.171.57.187 at 2014-08-24 02:20:53 +0000


Started GET "/assets/posts.css?body=1" for 188.171.57.187 at 2014-08-24 02:20:53 +0000


Started GET "/assets/turbolinks.js?body=1" for 188.171.57.187 at 2014-08-24 02:20:53 +0000


Started GET "/assets/application.css?body=1" for 188.171.57.187 at 2014-08-24 02:20:53 +0000


Started GET "/assets/scaffolds.css?body=1" for 188.171.57.187 at 2014-08-24 02:20:53 +0000


Started GET "/assets/jquery_ujs.js?body=1" for 188.171.57.187 at 2014-08-24 02:20:53 +0000


Started GET "/assets/jquery.js?body=1" for 188.171.57.187 at 2014-08-24 02:20:53 +0000


Started GET "/assets/posts.js?body=1" for 188.171.57.187 at 2014-08-24 02:20:53 +0000


Started GET "/assets/comments.js?body=1" for 188.171.57.187 at 2014-08-24 02:20:53 +0000


Started GET "/assets/application.js?body=1" for 188.171.57.187 at 2014-08-24 02:20:53 +0000


Started GET "/comments/new" for 188.171.57.187 at 2014-08-24 02:20:57 +0000
Processing by CommentsController#new as HTML
  Rendered comments/_form.html.erb (8.6ms)
  Rendered comments/new.html.erb within layouts/application (12.1ms)
Completed 200 OK in 23ms (Views: 21.6ms | ActiveRecord: 0.4ms)


Started POST "/comments" for 188.171.57.187 at 2014-08-24 02:21:22 +0000
Processing by CommentsController#create as HTML
  Parameters: {"utf8"=>"✓", "authenticity_token"=>"ofoDjyFbmXJrRSsZMVBBKbwHZEDWM2XBcBmTzxhtwTw=", "comment"=>{"post_id"=>"1", "body"=>"I agree my friend"}, "commit"=>"Create Comment"}
  [1m[35m (0.1ms)[0m  begin transaction
  [1m[36mSQL (0.4ms)[0m  [1mINSERT INTO "comments" ("body", "created_at", "post_id", "updated_at") VALUES (?, ?, ?, ?)[0m  [["body", "I agree my friend"], ["created_at", "2014-08-24 02:21:22.026815"], ["post_id", 1], ["updated_at", "2014-08-24 02:21:22.026815"]]
  [1m[35m (27.0ms)[0m  commit transaction
Redirected to http://hasty-fireball-46-139508.euw1-2.nitrousbox.com/comments/1
Completed 302 Found in 31ms (ActiveRecord: 27.5ms)


Started GET "/comments/1" for 188.171.57.187 at 2014-08-24 02:21:22 +0000
Processing by CommentsController#show as HTML
  Parameters: {"id"=>"1"}
  [1m[36mComment Load (0.3ms)[0m  [1mSELECT  "comments".* FROM "comments"  WHERE "comments"."id" = ? LIMIT 1[0m  [["id", 1]]
  Rendered comments/show.html.erb within layouts/application (1.1ms)
Completed 200 OK in 27ms (Views: 25.4ms | ActiveRecord: 0.3ms)


Started GET "/assets/comments.css?body=1" for 188.171.57.187 at 2014-08-24 02:21:22 +0000


Started GET "/assets/comments.js?body=1" for 188.171.57.187 at 2014-08-24 02:21:22 +0000


Started GET "/assets/application.css?body=1" for 188.171.57.187 at 2014-08-24 02:21:22 +0000


Started GET "/assets/posts.js?body=1" for 188.171.57.187 at 2014-08-24 02:21:22 +0000


Started GET "/assets/posts.css?body=1" for 188.171.57.187 at 2014-08-24 02:21:22 +0000


Started GET "/assets/application.js?body=1" for 188.171.57.187 at 2014-08-24 02:21:22 +0000


Started GET "/comments" for 188.171.57.187 at 2014-08-24 02:21:32 +0000
Processing by CommentsController#index as HTML
  [1m[35mComment Load (0.3ms)[0m  SELECT "comments".* FROM "comments"
  Rendered comments/index.html.erb within layouts/application (2.3ms)
Completed 200 OK in 10ms (Views: 9.5ms | ActiveRecord: 0.3ms)


Started GET "/comments/new" for 188.171.57.187 at 2014-08-24 02:21:36 +0000
Processing by CommentsController#new as HTML
  Rendered comments/_form.html.erb (2.3ms)
  Rendered comments/new.html.erb within layouts/application (3.6ms)
Completed 200 OK in 11ms (Views: 10.7ms | ActiveRecord: 0.0ms)


Started POST "/comments" for 188.171.57.187 at 2014-08-24 02:22:03 +0000
Processing by CommentsController#create as HTML
  Parameters: {"utf8"=>"✓", "authenticity_token"=>"ofoDjyFbmXJrRSsZMVBBKbwHZEDWM2XBcBmTzxhtwTw=", "comment"=>{"post_id"=>"2", "body"=>"Beauty... what a pretty word"}, "commit"=>"Create Comment"}
  [1m[36m (0.2ms)[0m  [1mbegin transaction[0m
  [1m[35mSQL (0.4ms)[0m  INSERT INTO "comments" ("body", "created_at", "post_id", "updated_at") VALUES (?, ?, ?, ?)  [["body", "Beauty... what a pretty word"], ["created_at", "2014-08-24 02:22:03.674291"], ["post_id", 2], ["updated_at", "2014-08-24 02:22:03.674291"]]
  [1m[36m (34.5ms)[0m  [1mcommit transaction[0m
Redirected to http://hasty-fireball-46-139508.euw1-2.nitrousbox.com/comments/2
Completed 302 Found in 39ms (ActiveRecord: 35.0ms)


Started GET "/comments/2" for 188.171.57.187 at 2014-08-24 02:22:03 +0000
Processing by CommentsController#show as HTML
  Parameters: {"id"=>"2"}
  [1m[35mComment Load (0.2ms)[0m  SELECT  "comments".* FROM "comments"  WHERE "comments"."id" = ? LIMIT 1  [["id", 2]]
  Rendered comments/show.html.erb within layouts/application (0.5ms)
Completed 200 OK in 9ms (Views: 7.8ms | ActiveRecord: 0.2ms)


Started GET "/assets/comments.css?body=1" for 188.171.57.187 at 2014-08-24 02:22:03 +0000


Started GET "/assets/posts.css?body=1" for 188.171.57.187 at 2014-08-24 02:22:04 +0000


Started GET "/assets/application.css?body=1" for 188.171.57.187 at 2014-08-24 02:22:04 +0000


Started GET "/assets/comments.js?body=1" for 188.171.57.187 at 2014-08-24 02:22:04 +0000


Started GET "/assets/posts.js?body=1" for 188.171.57.187 at 2014-08-24 02:22:04 +0000


Started GET "/assets/application.js?body=1" for 188.171.57.187 at 2014-08-24 02:22:04 +0000


Started GET "/comments" for 188.171.57.187 at 2014-08-24 02:22:07 +0000
Processing by CommentsController#index as HTML
  [1m[36mComment Load (0.3ms)[0m  [1mSELECT "comments".* FROM "comments"[0m
  Rendered comments/index.html.erb within layouts/application (1.9ms)
Completed 200 OK in 9ms (Views: 8.3ms | ActiveRecord: 0.3ms)


Started GET "/comments/new" for 188.171.57.187 at 2014-08-24 02:22:10 +0000
Processing by CommentsController#new as HTML
  Rendered comments/_form.html.erb (2.0ms)
  Rendered comments/new.html.erb within layouts/application (3.3ms)
Completed 200 OK in 11ms (Views: 10.1ms | ActiveRecord: 0.0ms)


Started POST "/comments" for 188.171.57.187 at 2014-08-24 02:22:21 +0000
Processing by CommentsController#create as HTML
  Parameters: {"utf8"=>"✓", "authenticity_token"=>"ofoDjyFbmXJrRSsZMVBBKbwHZEDWM2XBcBmTzxhtwTw=", "comment"=>{"post_id"=>"2", "body"=>"Oh yes"}, "commit"=>"Create Comment"}
  [1m[35m (0.1ms)[0m  begin transaction
  [1m[36mSQL (0.4ms)[0m  [1mINSERT INTO "comments" ("body", "created_at", "post_id", "updated_at") VALUES (?, ?, ?, ?)[0m  [["body", "Oh yes"], ["created_at", "2014-08-24 02:22:21.573781"], ["post_id", 2], ["updated_at", "2014-08-24 02:22:21.573781"]]
  [1m[35m (38.1ms)[0m  commit transaction
Redirected to http://hasty-fireball-46-139508.euw1-2.nitrousbox.com/comments/3
Completed 302 Found in 41ms (ActiveRecord: 38.6ms)


Started GET "/comments/3" for 188.171.57.187 at 2014-08-24 02:22:21 +0000
Processing by CommentsController#show as HTML
  Parameters: {"id"=>"3"}
  [1m[36mComment Load (0.2ms)[0m  [1mSELECT  "comments".* FROM "comments"  WHERE "comments"."id" = ? LIMIT 1[0m  [["id", 3]]
  Rendered comments/show.html.erb within layouts/application (0.4ms)
Completed 200 OK in 8ms (Views: 6.9ms | ActiveRecord: 0.2ms)


Started GET "/assets/comments.css?body=1" for 188.171.57.187 at 2014-08-24 02:22:21 +0000


Started GET "/assets/posts.css?body=1" for 188.171.57.187 at 2014-08-24 02:22:21 +0000


Started GET "/assets/application.css?body=1" for 188.171.57.187 at 2014-08-24 02:22:22 +0000


Started GET "/assets/application.js?body=1" for 188.171.57.187 at 2014-08-24 02:22:22 +0000


Started GET "/assets/comments.js?body=1" for 188.171.57.187 at 2014-08-24 02:22:22 +0000


Started GET "/assets/posts.js?body=1" for 188.171.57.187 at 2014-08-24 02:22:22 +0000


Started GET "/comments" for 188.171.57.187 at 2014-08-24 02:22:24 +0000
Processing by CommentsController#index as HTML
  [1m[35mComment Load (0.3ms)[0m  SELECT "comments".* FROM "comments"
  Rendered comments/index.html.erb within layouts/application (2.8ms)
Completed 200 OK in 11ms (Views: 10.3ms | ActiveRecord: 0.3ms)
